./ia_auto.sh: ligne 7: 14783: Terminé
WARNING:  Error occurred while executing PL/pgSQL function ia_monstre
WARNING:  line 53 at if
ERROR:  parser: parse error at or near "O" at character 19
WARNING:  Error occurred while executing PL/pgSQL function ia_monstre
WARNING:  line 53 at if
ERROR:  parser: parse error at or near "O" at character 19
WARNING:  Error occurred while executing PL/pgSQL function ia_monstre
WARNING:  line 53 at if
ERROR:  parser: parse error at or near "O" at character 19
WARNING:  Error occurred while executing PL/pgSQL function ia_monstre
WARNING:  line 53 at if
ERROR:  parser: parse error at or near "O" at character 19
WARNING:  Error occurred while executing PL/pgSQL function ia_monstre
WARNING:  line 53 at if
ERROR:  parser: parse error at or near "O" at character 19
WARNING:  Error occurred while executing PL/pgSQL function ia_monstre
WARNING:  line 53 at if
ERROR:  parser: parse error at or near "O" at character 19
WARNING:  Error occurred while executing PL/pgSQL function ia_monstre
WARNING:  line 53 at if
ERROR:  parser: parse error at or near "O" at character 19
WARNING:  Error occurred while executing PL/pgSQL function ia_monstre
WARNING:  line 53 at if
ERROR:  parser: parse error at or near "O" at character 19
WARNING:  Error occurred while executing PL/pgSQL function ia_monstre
WARNING:  line 53 at if
ERROR:  parser: parse error at or near "O" at character 19
WARNING:  Error occurred while executing PL/pgSQL function ia_monstre
WARNING:  line 53 at if
ERROR:  parser: parse error at or near "O" at character 19
WARNING:  Error occurred while executing PL/pgSQL function ia_monstre
WARNING:  line 53 at if
ERROR:  parser: parse error at or near "O" at character 19
WARNING:  Error occurred while executing PL/pgSQL function ia_monstre
WARNING:  line 53 at if
ERROR:  parser: parse error at or near "O" at character 19
WARNING:  Error occurred while executing PL/pgSQL function ia_monstre
WARNING:  line 53 at if
ERROR:  parser: parse error at or near "O" at character 19
WARNING:  Error occurred while executing PL/pgSQL function ia_monstre
WARNING:  line 53 at if
ERROR:  parser: parse error at or near "O" at character 19
WARNING:  Error occurred while executing PL/pgSQL function ia_monstre
WARNING:  line 53 at if
ERROR:  parser: parse error at or near "O" at character 19
WARNING:  Error occurred while executing PL/pgSQL function ia_monstre
WARNING:  line 53 at if
ERROR:  parser: parse error at or near "O" at character 19
WARNING:  Error occurred while executing PL/pgSQL function ia_monstre
WARNING:  line 53 at if
ERROR:  parser: parse error at or near "O" at character 19
WARNING:  Error occurred while executing PL/pgSQL function ia_monstre
WARNING:  line 53 at if
ERROR:  parser: parse error at or near "O" at character 19
WARNING:  Error occurred while executing PL/pgSQL function ia_monstre
WARNING:  line 53 at if
ERROR:  parser: parse error at or near "O" at character 19
WARNING:  Error occurred while executing PL/pgSQL function ia_monstre
WARNING:  line 53 at if
ERROR:  parser: parse error at or near "O" at character 19
WARNING:  Error occurred while executing PL/pgSQL function ia_monstre
WARNING:  line 53 at if
ERROR:  parser: parse error at or near "O" at character 19
WARNING:  Error occurred while executing PL/pgSQL function ia_monstre
WARNING:  line 53 at if
ERROR:  parser: parse error at or near "O" at character 19
WARNING:  Error occurred while executing PL/pgSQL function ia_monstre
WARNING:  line 53 at if
ERROR:  parser: parse error at or near "O" at character 19
WARNING:  Error occurred while executing PL/pgSQL function ia_monstre
WARNING:  line 53 at if
ERROR:  parser: parse error at or near "O" at character 19
WARNING:  Error occurred while executing PL/pgSQL function ia_monstre
WARNING:  line 53 at if
ERROR:  parser: parse error at or near "O" at character 19
WARNING:  Error occurred while executing PL/pgSQL function ia_monstre
WARNING:  line 53 at if
ERROR:  parser: parse error at or near "O" at character 19
WARNING:  Error occurred while executing PL/pgSQL function ia_monstre
WARNING:  line 53 at if
ERROR:  parser: parse error at or near "O" at character 19
WARNING:  Error occurred while executing PL/pgSQL function ia_monstre
WARNING:  line 53 at if
ERROR:  parser: parse error at or near "O" at character 19
WARNING:  Error occurred while executing PL/pgSQL function ia_monstre
WARNING:  line 53 at if
ERROR:  parser: parse error at or near "O" at character 19
WARNING:  Error occurred while executing PL/pgSQL function ia_monstre
WARNING:  line 53 at if
ERROR:  parser: parse error at or near "O" at character 19
WARNING:  Error occurred while executing PL/pgSQL function ia_monstre
WARNING:  line 53 at if
ERROR:  parser: parse error at or near "O" at character 19
WARNING:  Error occurred while executing PL/pgSQL function ia_monstre
WARNING:  line 53 at if
ERROR:  parser: parse error at or near "O" at character 19
WARNING:  Error occurred while executing PL/pgSQL function ia_monstre
WARNING:  line 53 at if
ERROR:  parser: parse error at or near "O" at character 19
WARNING:  Error occurred while executing PL/pgSQL function ia_monstre
WARNING:  line 53 at if
ERROR:  parser: parse error at or near "O" at character 19
WARNING:  Error occurred while executing PL/pgSQL function ia_monstre
WARNING:  line 53 at if
ERROR:  parser: parse error at or near "O" at character 19
WARNING:  Error occurred while executing PL/pgSQL function ia_monstre
WARNING:  line 53 at if
ERROR:  parser: parse error at or near "O" at character 19
WARNING:  Error occurred while executing PL/pgSQL function ia_monstre
WARNING:  line 53 at if
ERROR:  parser: parse error at or near "O" at character 19
WARNING:  Error occurred while executing PL/pgSQL function ia_monstre
WARNING:  line 53 at if
ERROR:  parser: parse error at or near "O" at character 19
WARNING:  Error occurred while executing PL/pgSQL function ia_monstre
WARNING:  line 53 at if
ERROR:  parser: parse error at or near "O" at character 19
WARNING:  Error occurred while executing PL/pgSQL function ia_monstre
WARNING:  line 53 at if
ERROR:  parser: parse error at or near "O" at character 19
WARNING:  Error occurred while executing PL/pgSQL function ia_monstre
WARNING:  line 53 at if
ERROR:  parser: parse error at or near "O" at character 19
WARNING:  Error occurred while executing PL/pgSQL function ia_monstre
WARNING:  line 53 at if
ERROR:  parser: parse error at or near "O" at character 19
WARNING:  Error occurred while executing PL/pgSQL function ia_monstre
WARNING:  line 53 at if
ERROR:  parser: parse error at or near "O" at character 19
WARNING:  Error occurred while executing PL/pgSQL function ia_monstre
WARNING:  line 53 at if
ERROR:  parser: parse error at or near "O" at character 19
WARNING:  Error occurred while executing PL/pgSQL function ia_monstre
WARNING:  line 53 at if
ERROR:  parser: parse error at or near "O" at character 19
WARNING:  Error occurred while executing PL/pgSQL function ia_monstre
WARNING:  line 53 at if
ERROR:  parser: parse error at or near "O" at character 19
WARNING:  Skipping "pg_group" --- only table or database owner can ANALYZE it
WARNING:  Skipping "pg_shadow" --- only table or database owner can ANALYZE it
WARNING:  Skipping "pg_database" --- only table or database owner can ANALYZE it
